$ ./sikradio -u http://stream.radiobaobab.pl:8000/radiobaobab.mp3 -m | play -q -t mp3 -
2026.04.14 20.40.27
resolving name stream.radiobaobab.pl
connecting to server 94.23.88.220:8000
GET /radiobaobab.mp3 HTTP/1.1
Host: stream.radiobaobab.pl
Connection: Keep-Alive
Icy-MetaData: 1


HTTP/1.0 200 OK
Server: Icecast 2.4.4
Connection: Close
Date: Tue, 14 Apr 2026 18:40:27 GMT
Content-Type: audio/mpeg
Cache-Control: no-cache, no-store
Expires: Mon, 26 Jul 1997 05:00:00 GMT
Pragma: no-cache
Access-Control-Allow-Origin: *
icy-br:128
ice-audio-info: channels=2;samplerate=44100;bitrate=128
icy-description:Radio Baobab - Blues radiostation from Poland
icy-genre:Blues
icy-name:radiobaobab.mp3
icy-pub:1
icy-url:https://stream.radiobaobab.pl/radiobaobab.mp3
icy-metaint:16000


StreamTitle='Jan Chojnacki - BOB 754 cz. 2';
StreamTitle='Górecka i Sosnowski - Barszcz Sosnowskiego vol. 4';
StreamTitle='Dedicated Men of Zion - Rock My Soul';
