$ ./sikradio -u http://stream3.polskieradio.pl:8904 | play -q -t mp3 -
2025.11.09 16.57.18
resolving name stream3.polskieradio.pl
connecting to server 195.245.217.140:8904
GET / HTTP/1.1
Host: stream3.polskieradio.pl
Connection: Keep-Alive


ICY 200 OK
icy-notice1:<BR>This stream requires <a href="http://www.winamp.com/">Winamp</a><BR>
icy-notice2:SHOUTcast Distributed Network Audio Server/win32 v1.9.8<BR>
icy-name:Polskie Radio S.A. -- Program 3 -- http://moje.polskieradio.pl
icy-genre:
icy-url:http://stream3.polskieradio.pl:8904
content-type:audio/mpeg
icy-pub:0
icy-br:192


data receiving timeout
2025.11.09 16.57.39
resolving name stream3.polskieradio.pl
connecting to server 195.245.217.140:8904
GET / HTTP/1.1
Host: stream3.polskieradio.pl
Connection: Keep-Alive


ICY 200 OK
icy-notice1:<BR>This stream requires <a href="http://www.winamp.com/">Winamp</a><BR>
icy-notice2:SHOUTcast Distributed Network Audio Server/win32 v1.9.8<BR>
icy-name:Polskie Radio S.A. -- Program 3 -- http://moje.polskieradio.pl
icy-genre:
icy-url:http://stream3.polskieradio.pl:8904
content-type:audio/mpeg
icy-pub:0
icy-br:192
